<?xml version="1.0" encoding="UTF-8"?>
<!-- Generated by org.testng.reporters.JUnitXMLReporter -->
<testsuite hostname="DESKTOP-A8TU78J" ignored="0" name="Test" tests="1" failures="0" timestamp="29 lis 2017 18:18:36 GMT" time="0.015" errors="0">
  <testcase name="@BeforeSuite tt" time="0.36" classname="main.Main">
    <failure type="java.lang.NoClassDefFoundError" message="freemarker/template/TemplateModelException">
      <![CDATA[java.lang.NoClassDefFoundError: freemarker/template/TemplateModelException
	at com.relevantcodes.extentreports.ExtentReports.<init>(ExtentReports.java:86)
	at com.relevantcodes.extentreports.ExtentReports.<init>(ExtentReports.java:375)
	at main.Main.tt(Main.java:83)
	at service.Runner.main(Runner.java:32)
Caused by: java.lang.ClassNotFoundException: freemarker.template.TemplateModelException
	at java.net.URLClassLoader.findClass(Unknown Source)
	at java.lang.ClassLoader.loadClass(Unknown Source)
	at sun.misc.Launcher$AppClassLoader.loadClass(Unknown Source)
	at java.lang.ClassLoader.loadClass(Unknown Source)
	... 20 more
... Removed 16 stack frames]]>
    </failure>
  </testcase> <!-- @BeforeSuite tt -->
  <testcase name="@BeforeClass tearUp" time="0.0" classname="main.Main">
    <skipped/>
  </testcase> <!-- @BeforeClass tearUp -->
  <testcase name="@AfterMethod afterMethod" time="0.0" classname="main.Main">
    <failure type="java.lang.NullPointerException">
      <![CDATA[java.lang.NullPointerException
	at main.Main.afterMethod(Main.java:159)
	at service.Runner.main(Runner.java:32)
... Removed 24 stack frames]]>
    </failure>
  </testcase> <!-- @AfterMethod afterMethod -->
  <testcase name="@AfterClass tearDown" time="0.0" classname="main.Main">
    <skipped/>
  </testcase> <!-- @AfterClass tearDown -->
  <testcase name="counterpartiesTest" time="0.0" classname="service.Service">
    <skipped/>
  </testcase> <!-- counterpartiesTest -->
</testsuite> <!-- Test -->
