<?xml version="1.0" encoding="UTF-8"?>
<testng-results skipped="0" failed="0" ignored="0" total="1" passed="1">
  <reporter-output>
  </reporter-output>
  <suite name="Default suite" duration-ms="549" started-at="2017-12-01T11:18:02Z" finished-at="2017-12-01T11:18:02Z">
    <groups>
    </groups>
    <test name="Default test" duration-ms="549" started-at="2017-12-01T11:18:02Z" finished-at="2017-12-01T11:18:02Z">
      <class name="service.Service">
        <test-method status="PASS" signature="tt()[pri:0, instance:service.Service@1b604f19]" name="tt" is-config="true" duration-ms="297" started-at="2017-12-01T12:18:01Z" finished-at="2017-12-01T12:18:02Z">
          <reporter-output>
          </reporter-output>
        </test-method> <!-- tt -->
        <test-method status="PASS" signature="tearUp()[pri:0, instance:service.Service@1b604f19]" name="tearUp" is-config="true" duration-ms="17" started-at="2017-12-01T12:18:02Z" finished-at="2017-12-01T12:18:02Z">
          <reporter-output>
          </reporter-output>
        </test-method> <!-- tearUp -->
        <test-method status="PASS" signature="counterpartiesTest()[pri:0, instance:service.Service@1b604f19]" name="counterpartiesTest" duration-ms="47" started-at="2017-12-01T12:18:02Z" finished-at="2017-12-01T12:18:02Z">
          <reporter-output>
          </reporter-output>
        </test-method> <!-- counterpartiesTest -->
        <test-method status="PASS" signature="afterMethod(org.testng.ITestResult)[pri:0, instance:service.Service@1b604f19]" name="afterMethod" is-config="true" duration-ms="0" started-at="2017-12-01T12:18:02Z" finished-at="2017-12-01T12:18:02Z">
          <params>
            <param index="0">
              <value>
                <![CDATA[[TestResult name=counterpartiesTest status=SUCCESS method=Service.counterpartiesTest()[pri:0, instance:service.Service@1b604f19] output={null}]]]>
              </value>
            </param>
          </params>
          <reporter-output>
          </reporter-output>
        </test-method> <!-- afterMethod -->
        <test-method status="PASS" signature="tearDown(org.testng.ITestContext)[pri:0, instance:service.Service@1b604f19]" name="tearDown" is-config="true" duration-ms="437" started-at="2017-12-01T12:18:02Z" finished-at="2017-12-01T12:18:02Z">
          <params>
            <param index="0">
              <value>
                <![CDATA[org.testng.TestRunner@68267da0]]>
              </value>
            </param>
          </params>
          <reporter-output>
          </reporter-output>
        </test-method> <!-- tearDown -->
        <test-method status="PASS" signature="after(org.testng.ITestContext)[pri:0, instance:service.Service@1b604f19]" name="after" is-config="true" duration-ms="0" started-at="2017-12-01T12:18:02Z" finished-at="2017-12-01T12:18:02Z">
          <params>
            <param index="0">
              <value>
                <![CDATA[org.testng.TestRunner@68267da0]]>
              </value>
            </param>
          </params>
          <reporter-output>
          </reporter-output>
        </test-method> <!-- after -->
      </class> <!-- service.Service -->
    </test> <!-- Default test -->
  </suite> <!-- Default suite -->
</testng-results>
